Traceback (most recent call last):
  File "/home/bora/Masaüstü/istoc.com/tradehubback/apps/frappe/frappe/utils/bench_helper.py", line 75, in get_app_commands
    app_command_module = importlib.import_module(f"{app}.commands")
                         ^^^^^^^^^^^^^^^^^^^^^^^^^^^^^^^^^^^^^^^^^^
  File "/usr/lib/python3.12/importlib/__init__.py", line 90, in import_module
    return _bootstrap._gcd_import(name[level:], package, level)
           ^^^^^^^^^^^^^^^^^^^^^^^^^^^^^^^^^^^^^^^^^^^^^^^^^^^^
  File "<frozen importlib._bootstrap>", line 1387, in _gcd_import
  File "<frozen importlib._bootstrap>", line 1360, in _find_and_load
  File "<frozen importlib._bootstrap>", line 1310, in _find_and_load_unlocked
  File "<frozen importlib._bootstrap>", line 488, in _call_with_frames_removed
  File "<frozen importlib._bootstrap>", line 1387, in _gcd_import
  File "<frozen importlib._bootstrap>", line 1360, in _find_and_load
  File "<frozen importlib._bootstrap>", line 1324, in _find_and_load_unlocked
ModuleNotFoundError: No module named 'tradehub_core'
set -o pipefail; /usr/bin/mariadb-dump --user=_a442feea467abfcc --host=127.0.0.1 --port=3306 --password=********** --single-transaction --quick --lock-tables=false _a442feea467abfcc | /usr/bin/gzip >> ./tradehub.localhost/private/backups/20260316_180003-tradehub_localhost-database.sql.gz

Backup Summary for tradehub.localhost at 2026-03-16 18:00:04.002975
Config  : ./tradehub.localhost/private/backups/20260316_180003-tradehub_localhost-site_config_backup.json 291.0B
Database: ./tradehub.localhost/private/backups/20260316_180003-tradehub_localhost-database.sql.gz         835.6KiB
Backup for Site tradehub.localhost has been successfully completed
Traceback (most recent call last):
  File "/home/bora/Masaüstü/istoc.com/tradehubback/apps/frappe/frappe/utils/bench_helper.py", line 75, in get_app_commands
    app_command_module = importlib.import_module(f"{app}.commands")
                         ^^^^^^^^^^^^^^^^^^^^^^^^^^^^^^^^^^^^^^^^^^
  File "/usr/lib/python3.12/importlib/__init__.py", line 90, in import_module
    return _bootstrap._gcd_import(name[level:], package, level)
           ^^^^^^^^^^^^^^^^^^^^^^^^^^^^^^^^^^^^^^^^^^^^^^^^^^^^
  File "<frozen importlib._bootstrap>", line 1387, in _gcd_import
  File "<frozen importlib._bootstrap>", line 1360, in _find_and_load
  File "<frozen importlib._bootstrap>", line 1310, in _find_and_load_unlocked
  File "<frozen importlib._bootstrap>", line 488, in _call_with_frames_removed
  File "<frozen importlib._bootstrap>", line 1387, in _gcd_import
  File "<frozen importlib._bootstrap>", line 1360, in _find_and_load
  File "<frozen importlib._bootstrap>", line 1324, in _find_and_load_unlocked
ModuleNotFoundError: No module named 'tradehub_core'
set -o pipefail; /usr/bin/mariadb-dump --user=_a442feea467abfcc --host=127.0.0.1 --port=3306 --password=********** --single-transaction --quick --lock-tables=false _a442feea467abfcc | /usr/bin/gzip >> ./tradehub.localhost/private/backups/20260317_000002-tradehub_localhost-database.sql.gz

Backup Summary for tradehub.localhost at 2026-03-17 00:00:02.879889
Config  : ./tradehub.localhost/private/backups/20260317_000002-tradehub_localhost-site_config_backup.json 291.0B
Database: ./tradehub.localhost/private/backups/20260317_000002-tradehub_localhost-database.sql.gz         835.6KiB
Backup for Site tradehub.localhost has been successfully completed
Traceback (most recent call last):
  File "/home/bora/Masaüstü/istoc.com/tradehubback/apps/frappe/frappe/utils/bench_helper.py", line 75, in get_app_commands
    app_command_module = importlib.import_module(f"{app}.commands")
                         ^^^^^^^^^^^^^^^^^^^^^^^^^^^^^^^^^^^^^^^^^^
  File "/usr/lib/python3.12/importlib/__init__.py", line 90, in import_module
    return _bootstrap._gcd_import(name[level:], package, level)
           ^^^^^^^^^^^^^^^^^^^^^^^^^^^^^^^^^^^^^^^^^^^^^^^^^^^^
  File "<frozen importlib._bootstrap>", line 1387, in _gcd_import
  File "<frozen importlib._bootstrap>", line 1360, in _find_and_load
  File "<frozen importlib._bootstrap>", line 1310, in _find_and_load_unlocked
  File "<frozen importlib._bootstrap>", line 488, in _call_with_frames_removed
  File "<frozen importlib._bootstrap>", line 1387, in _gcd_import
  File "<frozen importlib._bootstrap>", line 1360, in _find_and_load
  File "<frozen importlib._bootstrap>", line 1324, in _find_and_load_unlocked
ModuleNotFoundError: No module named 'tradehub_core'
set -o pipefail; /usr/bin/mariadb-dump --user=_a442feea467abfcc --host=127.0.0.1 --port=3306 --password=********** --single-transaction --quick --lock-tables=false _a442feea467abfcc | /usr/bin/gzip >> ./tradehub.localhost/private/backups/20260317_060002-tradehub_localhost-database.sql.gz

Backup Summary for tradehub.localhost at 2026-03-17 06:00:02.970264
Config  : ./tradehub.localhost/private/backups/20260317_060002-tradehub_localhost-site_config_backup.json 291.0B
Database: ./tradehub.localhost/private/backups/20260317_060002-tradehub_localhost-database.sql.gz         835.6KiB
Backup for Site tradehub.localhost has been successfully completed
